c:\users\yuki\documents\github\dpp_rts\dpp_rts\debug\vc142.pdb
c:\users\yuki\documents\github\dpp_rts\dpp_rts\debug\vc142.idb
c:\users\yuki\documents\github\dpp_rts\dpp_rts\debug\engine.obj
c:\users\yuki\documents\github\dpp_rts\dpp_rts\debug\mapper.obj
c:\users\yuki\documents\github\dpp_rts\dpp_rts\debug\io_api.obj
c:\users\yuki\documents\github\dpp_rts\dpp_rts\debug\json.obj
c:\users\yuki\documents\github\dpp_rts\dpp_rts\debug\picopng.obj
c:\users\yuki\documents\github\dpp_rts\dpp_rts\debug\game.obj
c:\users\yuki\documents\github\dpp_rts\dpp_rts\debug\physicsengine.obj
c:\users\yuki\documents\github\dpp_rts\dpp_rts\debug\vcpkg.applocal.log
c:\users\yuki\documents\github\dpp_rts\dpp_rts\debug\dpp_rts.exe
c:\users\yuki\documents\github\dpp_rts\dpp_rts\debug\dpp_rts.ilk
c:\users\yuki\documents\github\dpp_rts\dpp_rts\debug\dpp_rts.pdb
c:\users\yuki\documents\github\dpp_rts\dpp_rts\debug\dpp_rts.tlog\cl.command.1.tlog
c:\users\yuki\documents\github\dpp_rts\dpp_rts\debug\dpp_rts.tlog\cl.read.1.tlog
c:\users\yuki\documents\github\dpp_rts\dpp_rts\debug\dpp_rts.tlog\cl.write.1.tlog
c:\users\yuki\documents\github\dpp_rts\dpp_rts\debug\dpp_rts.tlog\dpp_rts.write.1u.tlog
c:\users\yuki\documents\github\dpp_rts\dpp_rts\debug\dpp_rts.tlog\link.command.1.tlog
c:\users\yuki\documents\github\dpp_rts\dpp_rts\debug\dpp_rts.tlog\link.read.1.tlog
c:\users\yuki\documents\github\dpp_rts\dpp_rts\debug\dpp_rts.tlog\link.write.1.tlog
