  engine.cpp
  game.cpp
  picoPNG.cpp
  PhysicsEngine.cpp
C:\Users\Yuki\Documents\GitHub\DPP_RTS\DPP_RTS\engine.cpp(42,25): warning C4244:  'argument': conversion from 'float' to 'int', possible loss of data
C:\Users\Yuki\Documents\GitHub\DPP_RTS\DPP_RTS\engine.cpp(41,45): warning C4244:  'argument': conversion from 'float' to 'int', possible loss of data
C:\Users\Yuki\Documents\GitHub\DPP_RTS\DPP_RTS\engine.cpp(54,67): warning C4244:  'argument': conversion from 'float' to 'int', possible loss of data
C:\Users\Yuki\Documents\GitHub\DPP_RTS\DPP_RTS\engine.cpp(54,33): warning C4244:  'argument': conversion from 'float' to 'int', possible loss of data
C:\Users\Yuki\Documents\GitHub\DPP_RTS\DPP_RTS\engine.cpp(94,67): warning C4244:  'argument': conversion from 'float' to 'int', possible loss of data
C:\Users\Yuki\Documents\GitHub\DPP_RTS\DPP_RTS\engine.cpp(94,33): warning C4244:  'argument': conversion from 'float' to 'int', possible loss of data
C:\Users\Yuki\Documents\GitHub\DPP_RTS\DPP_RTS\engine.cpp(121,70): warning C4244:  'argument': conversion from 'float' to 'int', possible loss of data
C:\Users\Yuki\Documents\GitHub\DPP_RTS\DPP_RTS\engine.cpp(121,34): warning C4244:  'argument': conversion from 'float' to 'int', possible loss of data
  IO_API.c
  json.c
  mapper.c
C:\Users\Yuki\Documents\GitHub\DPP_RTS\DPP_RTS\IO_API\ExampleImplimentations\IO_API_WIN32.h(91,29): warning C4018:  '<': signed/unsigned mismatch (compiling source file IO_API\IO_API.c)
C:\Users\Yuki\Documents\GitHub\DPP_RTS\DPP_RTS\IO_API\ExampleImplimentations\IO_API_WIN32.h(92,30): warning C4018:  '<': signed/unsigned mismatch (compiling source file IO_API\IO_API.c)
  Generating code
  Previous IPDB not found, fall back to full compilation.
  All 559 functions were compiled because no usable IPDB/IOBJ from previous compilation was found.
  Finished generating code
  DPP_RTS.vcxproj -> C:\Users\Yuki\Documents\GitHub\DPP_RTS\DPP_RTS\Release\DPP_RTS.exe
